This is pdfTeXk, Version 3.141592-1.40.3 (Web2C 7.5.6) (format=pdflatex 2007.5.18)  12 NOV 2007 08:49
entering extended mode
\write18 enabled.
 %&-line parsing enabled.
**NP04.Handouts.tex
(./NP04.Handouts.tex
LaTeX2e <2005/12/01>
Babel <v3.8h> and hyphenation patterns for english, usenglishmax, dumylang, noh
yphenation, arabic, basque, bulgarian, coptic, welsh, czech, slovak, german, ng
erman, danish, esperanto, spanish, catalan, galician, estonian, farsi, finnish,
 french, greek, monogreek, ancientgreek, croatian, hungarian, interlingua, ibyc
us, indonesian, icelandic, italian, latin, mongolian, dutch, norsk, polish, por
tuguese, pinyin, romanian, russian, slovenian, uppersorbian, serbian, swedish, 
turkish, ukenglish, ukrainian, loaded.
(./sugconf-ish.cls
(/usr/local/texlive/2007/texmf-dist/tex/latex/base/ifthen.sty
Package: ifthen 2001/05/26 v1.1c Standard LaTeX ifthen package (DPC)
)
(/usr/local/texlive/2007/texmf-dist/tex/latex/base/article.cls
Document Class: article 2005/09/16 v1.4f Standard LaTeX document class
(/usr/local/texlive/2007/texmf-dist/tex/latex/base/size10.clo
File: size10.clo 2005/09/16 v1.4f Standard LaTeX file (size option)
)
\c@part=\count79
\c@section=\count80
\c@subsection=\count81
\c@subsubsection=\count82
\c@paragraph=\count83
\c@subparagraph=\count84
\c@figure=\count85
\c@table=\count86
\abovecaptionskip=\skip41
\belowcaptionskip=\skip42
\bibindent=\dimen102
)
\TextWidth=\skip43
\runInHead=\skip44
\TextWsmall=\skip45
)
(/usr/local/texlive/2007/texmf-dist/tex/latex/geometry/geometry.sty
Package: geometry 2002/07/08 v3.2 Page Geometry

(/usr/local/texlive/2007/texmf-dist/tex/latex/graphics/keyval.sty
Package: keyval 1999/03/16 v1.13 key=value parser (DPC)
\KV@toks@=\toks14
)
\Gm@cnth=\count87
\Gm@cntv=\count88
\c@Gm@tempcnt=\count89
\Gm@bindingoffset=\dimen103
\Gm@wd@mp=\dimen104
\Gm@odd@mp=\dimen105
\Gm@even@mp=\dimen106
\Gm@dimlist=\toks15

(/usr/local/texlive/2007/texmf-dist/tex/xelatex/xetexconfig/geometry.cfg))
(/usr/local/texlive/2007/texmf-dist/tex/latex/graphics/graphicx.sty
Package: graphicx 1999/02/16 v1.0f Enhanced LaTeX Graphics (DPC,SPQR)

(/usr/local/texlive/2007/texmf-dist/tex/latex/graphics/graphics.sty
Package: graphics 2006/02/20 v1.0o Standard LaTeX Graphics (DPC,SPQR)

(/usr/local/texlive/2007/texmf-dist/tex/latex/graphics/trig.sty
Package: trig 1999/03/16 v1.09 sin cos tan (DPC)
)
(/usr/local/texlive/2007/texmf/tex/latex/config/graphics.cfg
File: graphics.cfg 2007/01/18 v1.5 graphics configuration of teTeX/TeXLive
)
Package graphics Info: Driver file: pdftex.def on input line 90.

(/usr/local/texlive/2007/texmf-dist/tex/latex/pdftex-def/pdftex.def
File: pdftex.def 2007/01/08 v0.04d Graphics/color for pdfTeX
\Gread@gobject=\count90
))
\Gin@req@height=\dimen107
\Gin@req@width=\dimen108
)
(/usr/local/texlive/2007/texmf-dist/tex/latex/hyperref/hyperref.sty
Package: hyperref 2007/02/07 v6.75r Hypertext links for LaTeX
\@linkdim=\dimen109
\Hy@linkcounter=\count91
\Hy@pagecounter=\count92

(/usr/local/texlive/2007/texmf-dist/tex/latex/hyperref/pd1enc.def
File: pd1enc.def 2007/02/07 v6.75r Hyperref: PDFDocEncoding definition (HO)
)
(/usr/local/texlive/2007/texmf/tex/latex/config/hyperref.cfg
File: hyperref.cfg 2002/06/06 v1.2 hyperref configuration of TeXLive
)
(/usr/local/texlive/2007/texmf-dist/tex/latex/oberdiek/kvoptions.sty
Package: kvoptions 2006/08/22 v2.4 Connects package keyval with LaTeX options (
HO)
)
Package hyperref Info: Option `bookmarks' set `true' on input line 2238.


Package hyperref Warning: Token not allowed in a PDFDocEncoded string,
(hyperref)                removing `\spacefactor' on input line 2238.


Package hyperref Warning: Token not allowed in a PDFDocEncoded string,
(hyperref)                removing `\@m' on input line 2238.


Package hyperref Warning: Token not allowed in a PDFDocEncoded string,
(hyperref)                removing `\spacefactor' on input line 2238.


Package hyperref Warning: Token not allowed in a PDFDocEncoded string,
(hyperref)                removing `\@m' on input line 2238.

Package hyperref Info: Hyper figures OFF on input line 2288.
Package hyperref Info: Link nesting OFF on input line 2293.
Package hyperref Info: Hyper index ON on input line 2296.
Package hyperref Info: Plain pages OFF on input line 2303.
Package hyperref Info: Backreferencing OFF on input line 2308.
Implicit mode ON; LaTeX internals redefined
Package hyperref Info: Bookmarks ON on input line 2444.
(/usr/local/texlive/2007/texmf-dist/tex/latex/ltxmisc/url.sty
\Urlmuskip=\muskip10
Package: url 2005/06/27  ver 3.2  Verb mode for urls, etc.
)
LaTeX Info: Redefining \url on input line 2599.
\Fld@menulength=\count93
\Field@Width=\dimen110
\Fld@charsize=\dimen111
\Choice@toks=\toks16
\Field@toks=\toks17
Package hyperref Info: Hyper figures OFF on input line 3102.
Package hyperref Info: Link nesting OFF on input line 3107.
Package hyperref Info: Hyper index ON on input line 3110.
Package hyperref Info: backreferencing OFF on input line 3117.
Package hyperref Info: Link coloring OFF on input line 3122.
\Hy@abspage=\count94
\c@Item=\count95
\c@Hfootnote=\count96
)
*hyperref using default driver hpdftex*
(/usr/local/texlive/2007/texmf-dist/tex/latex/hyperref/hpdftex.def
File: hpdftex.def 2007/02/07 v6.75r Hyperref driver for pdfTeX
\Fld@listcount=\count97
)
(/usr/local/texlive/2007/texmf-dist/tex/latex/booktabs/booktabs.sty
Package: booktabs 2005/03/16 v1.6180 publication quality tables
\heavyrulewidth=\dimen112
\lightrulewidth=\dimen113
\cmidrulewidth=\dimen114
\belowrulesep=\dimen115
\belowbottomsep=\dimen116
\aboverulesep=\dimen117
\abovetopsep=\dimen118
\cmidrulesep=\dimen119
\cmidrulekern=\dimen120
\defaultaddspace=\dimen121
\@cmidla=\count98
\@cmidlb=\count99
\@aboverulesep=\dimen122
\@belowrulesep=\dimen123
\@thisruleclass=\count100
\@lastruleclass=\count101
\@thisrulewidth=\dimen124
)
(/usr/local/texlive/2007/texmf-dist/tex/latex/nonfloat/nonfloat.sty)
(/usr/local/texlive/2007/texmf-dist/tex/latex/comment/comment.sty
\CommentStream=\write3

Excluding comment 'comment')
(/usr/local/texlive/2007/texmf-dist/tex/latex/graphics/color.sty
Package: color 2005/11/14 v1.0j Standard LaTeX Color (DPC)

(/usr/local/texlive/2007/texmf/tex/latex/config/color.cfg
File: color.cfg 2007/01/18 v1.5 color configuration of teTeX/TeXLive
)
Package color Info: Driver file: pdftex.def on input line 130.
)
(./NP04.Handouts.aux

LaTeX Warning: Label `fig:Cassleman' multiply defined.


LaTeX Warning: Label `fig:Cassleman' multiply defined.

)
\openout1 = `NP04.Handouts.aux'.

LaTeX Font Info:    Checking defaults for OML/cmm/m/it on input line 33.
LaTeX Font Info:    ... okay on input line 33.
LaTeX Font Info:    Checking defaults for T1/cmr/m/n on input line 33.
LaTeX Font Info:    ... okay on input line 33.
LaTeX Font Info:    Checking defaults for OT1/cmr/m/n on input line 33.
LaTeX Font Info:    ... okay on input line 33.
LaTeX Font Info:    Checking defaults for OMS/cmsy/m/n on input line 33.
LaTeX Font Info:    ... okay on input line 33.
LaTeX Font Info:    Checking defaults for OMX/cmex/m/n on input line 33.
LaTeX Font Info:    ... okay on input line 33.
LaTeX Font Info:    Checking defaults for U/cmr/m/n on input line 33.
LaTeX Font Info:    ... okay on input line 33.
LaTeX Font Info:    Checking defaults for PD1/pdf/m/n on input line 33.
LaTeX Font Info:    ... okay on input line 33.
LaTeX Font Info:    Try loading font information for OT1+phv on input line 33.
 (/usr/local/texlive/2007/texmf-dist/tex/latex/psnfss/ot1phv.fd
File: ot1phv.fd 2001/06/04 scalable font definitions for OT1/phv.
)
LaTeX Font Info:    Font shape `OT1/phv/bx/n' in size <14> not available
(Font)              Font shape `OT1/phv/b/n' tried instead on input line 33.
LaTeX Font Info:    Calculating math sizes for size <14> on input line 33.
LaTeX Font Info:    External font `cmex10' loaded for size
(Font)              <14> on input line 33.
LaTeX Font Info:    External font `cmex10' loaded for size
(Font)              <9.79996> on input line 33.
LaTeX Font Info:    External font `cmex10' loaded for size
(Font)              <7> on input line 33.
LaTeX Font Info:    Font shape `OT1/phv/bx/n' in size <9.79996> not available
(Font)              Font shape `OT1/phv/b/n' tried instead on input line 33.
LaTeX Font Info:    Font shape `OT1/phv/bx/n' in size <7> not available
(Font)              Font shape `OT1/phv/b/n' tried instead on input line 33.
LaTeX Font Info:    Try loading font information for OMS+phv on input line 33.

(/usr/local/texlive/2007/texmf-dist/tex/latex/psnfss/omsphv.fd
File: omsphv.fd 
)

LaTeX Font Warning: Font shape `OMS/phv/bx/n' undefined
(Font)              using `OMS/phv/m/n' instead on input line 33.

LaTeX Font Info:    Font shape `OMS/phv/m/n' in size <7> not available
(Font)              Font shape `OMS/cmsy/m/n' tried instead on input line 33.
LaTeX Font Info:    Font shape `OMS/phv/bx/n' in size <7> not available
(Font)              Font shape `OMS/cmsy/m/n' tried instead on input line 33.
LaTeX Font Info:    External font `cmex10' loaded for size
(Font)              <5> on input line 33.
LaTeX Font Info:    Font shape `OT1/phv/bx/n' in size <5> not available
(Font)              Font shape `OT1/phv/b/n' tried instead on input line 33.

LaTeX Warning: sugconf: You need to specify a paper identifier using the 'paper
number' macro in the preamble. on input line 33.

-------------------- Geometry parameters
paper: class default
landscape: --
twocolumn: --
twoside: --
asymmetric: --
h-parts: 72.26999pt, 469.75502pt, 72.26999pt
v-parts: 54.2025pt, 677.53125pt, 63.23624pt
hmarginratio: --
vmarginratio: --
lines: --
heightrounded: --
bindingoffset: 0.0pt
truedimen: --
includehead: --
includefoot: --
includemp: --
driver: pdftex
-------------------- Page layout dimensions and switches
\paperwidth  614.295pt
\paperheight 794.96999pt
\textwidth  469.75502pt
\textheight 677.53125pt
\oddsidemargin  0.0pt
\evensidemargin 0.0pt
\topmargin  -55.06749pt
\headheight 12.0pt
\headsep    25.0pt
\footskip   30.0pt
\marginparwidth 65.0pt
\marginparsep   11.0pt
\columnsep  10.0pt
\skip\footins  9.0pt plus 4.0pt minus 2.0pt
\hoffset 0.0pt
\voffset 0.0pt
\mag 1000

(1in=72.27pt, 1cm=28.45pt)
-----------------------
(/usr/local/texlive/2007/texmf-dist/tex/context/base/supp-pdf.tex
[Loading MPS to PDF converter (version 2006.09.02).]
\scratchcounter=\count102
\scratchdimen=\dimen125
\scratchbox=\box26
\nofMPsegments=\count103
\nofMParguments=\count104
\MPscratchCnt=\count105
\MPscratchDim=\dimen126
\MPnumerator=\count106
\everyMPtoPDFconversion=\toks18
)
Package hyperref Info: Link coloring OFF on input line 33.
 (/usr/local/texlive/2007/texmf-dist/tex/latex/hyperref/nameref.sty
Package: nameref 2006/12/27 v2.28 Cross-referencing by name of section

(/usr/local/texlive/2007/texmf-dist/tex/latex/oberdiek/refcount.sty
Package: refcount 2006/02/20 v3.0 Data extraction from references (HO)
)
\c@section@level=\count107
)
LaTeX Info: Redefining \ref on input line 33.
LaTeX Info: Redefining \pageref on input line 33.

(./NP04.Handouts.out) (./NP04.Handouts.out)
\@outlinefile=\write4
\openout4 = `NP04.Handouts.out'.

LaTeX Font Info:    Font shape `OT1/phv/bx/n' in size <12> not available
(Font)              Font shape `OT1/phv/b/n' tried instead on input line 34.

<3reg.jpg, id=59, 1003.75pt x 501.875pt>
File: 3reg.jpg Graphic file (type jpg)
 <use 3reg.jpg>
<layout.jpg, id=60, 584.1825pt x 451.6875pt>
File: layout.jpg Graphic file (type jpg)
 <use layout.jpg>
<ConfSort.jpg, id=61, 287.0725pt x 439.6425pt>
File: ConfSort.jpg Graphic file (type jpg)
 <use ConfSort.jpg>
LaTeX Font Info:    Try loading font information for OT1+pcr on input line 41.

(/usr/local/texlive/2007/texmf-dist/tex/latex/psnfss/ot1pcr.fd
File: ot1pcr.fd 2001/06/04 font definitions for OT1/pcr.
) [1

{/usr/local/texlive/2007/texmf-var/fonts/map/pdftex/updmap/pdftex.map} <./3reg.
jpg> <./layout.jpg> <./ConfSort.jpg>] [2] [3]
Overfull \hbox (9.04463pt too wide) in paragraph at lines 272--272
[]            \OT1/pcr/m/n/7 SERIES X=datestamp Y=predict /name="pred" legendla
bel="Predicted Stage" markers=false  linecolor=blue;[] 
 []

[4] <forecastplot0.jpeg, id=85, 903.375pt x 200.75pt>
File: forecastplot0.jpeg Graphic file (type jpg)
 <use forecastplot0.jpeg>
<03078000B24_L24_0.jpeg, id=86, 903.375pt x 200.75pt>
File: 03078000B24_L24_0.jpeg Graphic file (type jpg)

<use 03078000B24_L24_0.jpeg>
<03079000B12_L24_0.jpeg, id=87, 903.375pt x 200.75pt>
File: 03079000B12_L24_0.jpeg Graphic file (type jpg)

<use 03079000B12_L24_0.jpeg> [5 <./forecastplot0.jpeg> <./03078000B24_L24_0.jpe
g> <./03079000B12_L24_0.jpeg>]
LaTeX Font Info:    Font shape `OT1/phv/bx/n' in size <10> not available
(Font)              Font shape `OT1/phv/b/n' tried instead on input line 338.

Underfull \hbox (badness 10000) in paragraph at lines 339--340

 []

<fc01581920.pdf, id=95, 271.0125pt x 9.03375pt>
File: fc01581920.pdf Graphic file (type pdf)
 <use fc01581920.pdf>
<fc01582000.pdf, id=96, 271.0125pt x 9.03375pt>
File: fc01582000.pdf Graphic file (type pdf)
 <use fc01582000.pdf>
<fc01591000.pdf, id=97, 271.0125pt x 9.03375pt>
File: fc01591000.pdf Graphic file (type pdf)
 <use fc01591000.pdf>
<fc01595000.pdf, id=98, 271.0125pt x 9.03375pt>
File: fc01595000.pdf Graphic file (type pdf)
 <use fc01595000.pdf>
<fc01596500.pdf, id=99, 271.0125pt x 9.03375pt>
File: fc01596500.pdf Graphic file (type pdf)
 <use fc01596500.pdf>
<fc01597500.pdf, id=100, 271.0125pt x 9.03375pt>
File: fc01597500.pdf Graphic file (type pdf)
 <use fc01597500.pdf>
<fc01598500.pdf, id=101, 271.0125pt x 9.03375pt>
File: fc01598500.pdf Graphic file (type pdf)
 <use fc01598500.pdf>
<fc01609000.pdf, id=102, 271.0125pt x 9.03375pt>
File: fc01609000.pdf Graphic file (type pdf)
 <use fc01609000.pdf>
<fc01649150.pdf, id=103, 271.0125pt x 9.03375pt>
File: fc01649150.pdf Graphic file (type pdf)
 <use fc01649150.pdf>
<fc03075500.pdf, id=104, 271.0125pt x 9.03375pt>
File: fc03075500.pdf Graphic file (type pdf)
 <use fc03075500.pdf>
<fc03076500.pdf, id=105, 271.0125pt x 9.03375pt>
File: fc03076500.pdf Graphic file (type pdf)
 <use fc03076500.pdf>
<fc03078000.pdf, id=106, 271.0125pt x 9.03375pt>
File: fc03078000.pdf Graphic file (type pdf)
 <use fc03078000.pdf>
<fc03079000.pdf, id=107, 271.0125pt x 9.03375pt>
File: fc03079000.pdf Graphic file (type pdf)
 <use fc03079000.pdf>
<spark_axis.pdf, id=108, 271.0125pt x 7.02625pt>
File: spark_axis.pdf Graphic file (type pdf)
 <use spark_axis.pdf>
<Croker_airlineminmax.pdf, id=109, 144.54pt x 11.04124pt>
File: Croker_airlineminmax.pdf Graphic file (type pdf)

<use Croker_airlineminmax.pdf> [6 <./fc01581920.pdf> <./fc01582000.pdf> <./fc01
591000.pdf> <./fc01595000.pdf> <./fc01596500.pdf> <./fc01597500.pdf> <./fc01598
500.pdf> <./fc01609000.pdf> <./fc01649150.pdf> <./fc03075500.pdf> <./fc03076500
.pdf> <./fc03078000.pdf> <./fc03079000.pdf> <./spark_axis.pdf> <./Croker_airlin
eminmax.pdf>] <spark_corr_id_.pdf, id=145, 433.62pt x 36.135pt>
File: spark_corr_id_.pdf Graphic file (type pdf)

<use spark_corr_id_.pdf> <spark_partcorr_id_.pdf, id=146, 433.62pt x 36.135pt>
File: spark_partcorr_id_.pdf Graphic file (type pdf)

<use spark_partcorr_id_.pdf>
<spark_invcorr_id_.pdf, id=147, 433.62pt x 36.135pt>
File: spark_invcorr_id_.pdf Graphic file (type pdf)

<use spark_invcorr_id_.pdf>
Underfull \hbox (badness 10000) in paragraph at lines 400--403

 []

<spark_corr_id_zoom.pdf, id=148, 144.54pt x 9.03375pt>
File: spark_corr_id_zoom.pdf Graphic file (type pdf)

<use spark_corr_id_zoom.pdf>
<spark_partcorr_id_zoom.pdf, id=149, 144.54pt x 9.03375pt>
File: spark_partcorr_id_zoom.pdf Graphic file (type pdf)

<use spark_partcorr_id_zoom.pdf>
<spark_invcorr_id_zoom.pdf, id=150, 144.54pt x 9.03375pt>
File: spark_invcorr_id_zoom.pdf Graphic file (type pdf)

<use spark_invcorr_id_zoom.pdf>
Underfull \hbox (badness 10000) in paragraph at lines 405--408

 []

<sparkbox_actual2002.pdf, id=151, 144.54pt x 48.18pt>
File: sparkbox_actual2002.pdf Graphic file (type pdf)

<use sparkbox_actual2002.pdf>
<sparkbox_actual2003.pdf, id=152, 144.54pt x 48.18pt>
File: sparkbox_actual2003.pdf Graphic file (type pdf)

<use sparkbox_actual2003.pdf>
<sparkbox_actual2004.pdf, id=153, 144.54pt x 48.18pt>
File: sparkbox_actual2004.pdf Graphic file (type pdf)

<use sparkbox_actual2004.pdf>
<sparkbox_actual2005.pdf, id=154, 144.54pt x 48.18pt>
File: sparkbox_actual2005.pdf Graphic file (type pdf)

<use sparkbox_actual2005.pdf>
<sparkbox_actual2006.pdf, id=155, 144.54pt x 48.18pt>
File: sparkbox_actual2006.pdf Graphic file (type pdf)

<use sparkbox_actual2006.pdf>
<sparkbox_actual2007.pdf, id=156, 144.54pt x 48.18pt>
File: sparkbox_actual2007.pdf Graphic file (type pdf)

<use sparkbox_actual2007.pdf>
Underfull \hbox (badness 10000) in paragraph at lines 410--412

 []


Package hyperref Warning: Token not allowed in a PDFDocEncoded string,
(hyperref)                removing `math shift' on input line 413.


Package hyperref Warning: Token not allowed in a PDFDocEncoded string,
(hyperref)                removing `\chi' on input line 413.


Package hyperref Warning: Token not allowed in a PDFDocEncoded string,
(hyperref)                removing `superscript' on input line 413.


Package hyperref Warning: Token not allowed in a PDFDocEncoded string,
(hyperref)                removing `math shift' on input line 413.

<spark_probchisq_id_.pdf, id=157, 433.62pt x 18.0675pt>
File: spark_probchisq_id_.pdf Graphic file (type pdf)

<use spark_probchisq_id_.pdf>
<spark_probchisq_res_.pdf, id=158, 433.62pt x 18.0675pt>
File: spark_probchisq_res_.pdf Graphic file (type pdf)

<use spark_probchisq_res_.pdf>
Overfull \hbox (4.88356pt too wide) in paragraph at lines 414--416
[] \OT1/phv/m/n/10 Resid-ual 
 []


Underfull \hbox (badness 10000) in paragraph at lines 414--416

 []

<spark_demand02.pdf, id=159, 433.62pt x 18.0675pt>
File: spark_demand02.pdf Graphic file (type pdf)
 <use spark_demand02.pdf>
<spark_demand03.pdf, id=160, 433.62pt x 18.0675pt>
File: spark_demand03.pdf Graphic file (type pdf)
 <use spark_demand03.pdf>
<spark_demand04.pdf, id=161, 433.62pt x 18.0675pt>
File: spark_demand04.pdf Graphic file (type pdf)
 <use spark_demand04.pdf>
<spark_demand05.pdf, id=162, 433.62pt x 18.0675pt>
File: spark_demand05.pdf Graphic file (type pdf)
 <use spark_demand05.pdf>
<spark_demand06.pdf, id=163, 433.62pt x 18.0675pt>
File: spark_demand06.pdf Graphic file (type pdf)
 <use spark_demand06.pdf>
<spark_demand07.pdf, id=164, 433.62pt x 18.0675pt>
File: spark_demand07.pdf Graphic file (type pdf)
 <use spark_demand07.pdf>
<spark_zero_axis.pdf, id=165, 433.62pt x 7.02625pt>
File: spark_zero_axis.pdf Graphic file (type pdf)
 <use spark_zero_axis.pdf>
Underfull \hbox (badness 10000) in paragraph at lines 418--425

 []

[7 <./spark_corr_id_.pdf> <./spark_partcorr_id_.pdf> <./spark_invcorr_id_.pdf> 
<./spark_corr_id_zoom.pdf> <./spark_partcorr_id_zoom.pdf> <./spark_invcorr_id_z
oom.pdf> <./sparkbox_actual2002.pdf> <./sparkbox_actual2003.pdf> <./sparkbox_ac
tual2004.pdf> <./sparkbox_actual2005.pdf> <./sparkbox_actual2006.pdf> <./sparkb
ox_actual2007.pdf> <./spark_probchisq_id_.pdf> <./spark_probchisq_res_.pdf> <./
spark_demand02.pdf> <./spark_demand03.pdf> <./spark_demand04.pdf> <./spark_dema
nd05.pdf> <./spark_demand06.pdf> <./spark_demand07.pdf> <./spark_zero_axis.pdf>
]
LaTeX Font Info:    Font shape `OT1/phv/m/it' in size <10> not available
(Font)              Font shape `OT1/phv/m/sl' tried instead on input line 431.
LaTeX Font Info:    Font shape `OT1/phv/m/it' in size <7> not available
(Font)              Font shape `OT1/phv/m/sl' tried instead on input line 433.
LaTeX Font Info:    Font shape `OMS/phv/m/it' in size <7> not available
(Font)              Font shape `OMS/cmsy/m/n' tried instead on input line 439.
 [8]
LaTeX Font Info:    Font shape `OMS/phv/m/n' in size <10> not available
(Font)              Font shape `OMS/cmsy/m/n' tried instead on input line 484.
 [9] (./NP04.Handouts.aux)

LaTeX Font Warning: Some font shapes were not available, defaults substituted.


LaTeX Warning: There were multiply-defined labels.

 ) 
Here is how much of TeX's memory you used:
 3683 strings out of 94073
 53860 string characters out of 1162984
 111282 words of memory out of 1500000
 6870 multiletter control sequences out of 10000+50000
 24605 words of font info for 44 fonts, out of 1200000 for 2000
 645 hyphenation exceptions out of 8191
 32i,9n,39p,364b,474s stack positions out of 5000i,500n,6000p,200000b,5000s
{/usr/local/texlive/2007/texmf-dist/fonts/enc/dvips/base/8r.enc}</usr/local/t
exlive/2007/texmf-dist/fonts/type1/bluesky/cm/cmmi10.pfb></usr/local/texlive/20
07/texmf-dist/fonts/type1/bluesky/cm/cmr7.pfb></usr/local/texlive/2007/texmf-di
st/fonts/type1/bluesky/cm/cmsy10.pfb></usr/local/texlive/2007/texmf-dist/fonts/
type1/bluesky/cm/cmsy7.pfb></usr/local/texlive/2007/texmf-dist/fonts/type1/urw/
courier/ucrr8a.pfb></usr/local/texlive/2007/texmf-dist/fonts/type1/urw/helvetic
/uhvb8a.pfb></usr/local/texlive/2007/texmf-dist/fonts/type1/urw/helvetic/uhvr8a
.pfb></usr/local/texlive/2007/texmf-dist/fonts/type1/urw/helvetic/uhvro8a.pfb>
Output written on NP04.Handouts.pdf (9 pages, 568584 bytes).
PDF statistics:
 275 PDF objects out of 1000 (max. 8388607)
 26 named destinations out of 1000 (max. 131072)
 331 words of extra memory for PDF output out of 10000 (max. 10000000)

