This is pdfTeXk, Version 3.141592-1.40.3 (Web2C 7.5.6) (format=pdflatex 2007.5.18)  19 OCT 2007 20:04
entering extended mode
\write18 enabled.
 %&-line parsing enabled.
**texpres.tex
(./texpres.tex
LaTeX2e <2005/12/01>
Babel <v3.8h> and hyphenation patterns for english, usenglishmax, dumylang, noh
yphenation, arabic, basque, bulgarian, coptic, welsh, czech, slovak, german, ng
erman, danish, esperanto, spanish, catalan, galician, estonian, farsi, finnish,
 french, greek, monogreek, ancientgreek, croatian, hungarian, interlingua, ibyc
us, indonesian, icelandic, italian, latin, mongolian, dutch, norsk, polish, por
tuguese, pinyin, romanian, russian, slovenian, uppersorbian, serbian, swedish, 
turkish, ukenglish, ukrainian, loaded.
(/usr/local/texlive/2007/texmf-dist/tex/latex/base/slides.cls
Document Class: slides 1997/08/15 v2.3z Standard LaTeX document class
(/usr/local/texlive/2007/texmf-dist/tex/latex/base/slides.def
File: slides.def 1997/08/15 v2.3z SLiTeX definitions
 hacks, slides,
\c@page=\count79

picture, mods,
\@smashboxa=\box26
\@smashboxb=\box27
\@smashboxc=\box28
 output, init)
(/usr/local/texlive/2007/texmf-dist/tex/latex/base/sfonts.def
File: sfonts.def 1998/06/12 v2.2e Standard LaTeX slide font definitions

(/usr/local/texlive/2007/texmf-dist/tex/latex/base/ot1lcmss.fd
File: ot1lcmss.fd 1998/06/12 v2.2e Standard LaTeX slide font definitions
))
\c@minutes=\count80
\c@seconds=\count81
\c@mv@invisible=\count82
LaTeX Font Info:    Overwriting symbol font `operators' in version `normal'
(Font)                  OT1/cmr/m/n --> OT1/lcmss/m/n on input line 369.
LaTeX Font Info:    Overwriting symbol font `letters' in version `normal'
(Font)                  OML/cmm/m/it --> OML/lcmm/m/it on input line 372.
LaTeX Font Info:    Overwriting symbol font `symbols' in version `normal'
(Font)                  OMS/cmsy/m/n --> OMS/lcmsy/m/n on input line 374.
LaTeX Font Info:    Overwriting symbol font `largesymbols' in version `normal'
(Font)                  OMX/cmex/m/n --> OMX/lcmex/m/n on input line 376.
LaTeX Font Info:    Overwriting symbol font `operators' in version `invisible'
(Font)                  OT1/cmr/m/n --> OT1/lcmss/m/In on input line 379.
LaTeX Font Info:    Overwriting symbol font `letters' in version `invisible'
(Font)                  OML/cmm/m/it --> OML/lcmm/m/Iit on input line 381.
LaTeX Font Info:    Overwriting symbol font `symbols' in version `invisible'
(Font)                  OMS/cmsy/m/n --> OMS/lcmsy/m/In on input line 383.
LaTeX Font Info:    Overwriting symbol font `largesymbols' in version `invisibl
e'
(Font)                  OMX/cmex/m/n --> OMX/lcmex/m/In on input line 385.
)
(/usr/local/texlive/2007/texmf-dist/tex/latex/geometry/geometry.sty
Package: geometry 2002/07/08 v3.2 Page Geometry

(/usr/local/texlive/2007/texmf-dist/tex/latex/graphics/keyval.sty
Package: keyval 1999/03/16 v1.13 key=value parser (DPC)
\KV@toks@=\toks14
)
\Gm@cnth=\count83
\Gm@cntv=\count84
\c@Gm@tempcnt=\count85
\Gm@bindingoffset=\dimen102
\Gm@wd@mp=\dimen103
\Gm@odd@mp=\dimen104
\Gm@even@mp=\dimen105
\Gm@dimlist=\toks15

(/usr/local/texlive/2007/texmf-dist/tex/xelatex/xetexconfig/geometry.cfg))
(./texpres.aux)
\openout1 = `texpres.aux'.

LaTeX Font Info:    Checking defaults for OML/cmm/m/it on input line 11.
LaTeX Font Info:    ... okay on input line 11.
LaTeX Font Info:    Checking defaults for T1/cmr/m/n on input line 11.
LaTeX Font Info:    ... okay on input line 11.
LaTeX Font Info:    Checking defaults for OT1/lcmss/m/n on input line 11.
LaTeX Font Info:    ... okay on input line 11.
LaTeX Font Info:    Checking defaults for OMS/cmsy/m/n on input line 11.
LaTeX Font Info:    ... okay on input line 11.
LaTeX Font Info:    Checking defaults for OMX/cmex/m/n on input line 11.
LaTeX Font Info:    ... okay on input line 11.
LaTeX Font Info:    Checking defaults for U/cmr/m/n on input line 11.
LaTeX Font Info:    ... okay on input line 11.
-------------------- Geometry parameters
paper: screen
landscape: --
twocolumn: --
twoside: --
asymmetric: --
h-parts: 96.02902pt, 0.7\paperwidth , 96.02904pt (default)
v-parts: 61.45856pt, 0.7\paperheight , 92.1879pt (default)
hmarginratio: 1:1
vmarginratio: 2:3
lines: --
heightrounded: --
bindingoffset: 0.0pt
truedimen: --
includehead: --
includefoot: --
includemp: --
driver: pdftex
-------------------- Page layout dimensions and switches
\paperwidth  640.187pt
\paperheight 512.1496pt
\textwidth  448.12894pt
\textheight 358.50314pt
\oddsidemargin  23.75903pt
\evensidemargin 23.75903pt
\topmargin  -39.81143pt
\headheight 14.0pt
\headsep    15.0pt
\footskip   25.0pt
\marginparwidth 58.19371pt
\marginparsep   5.0pt
\columnsep  10.0pt
\skip\footins  10.0pt plus 2.0pt minus 4.0pt
\hoffset 0.0pt
\voffset 0.0pt
\mag 1000

(1in=72.27pt, 1cm=28.45pt)
-----------------------
 [0

{/usr/local/texlive/2007/texmf-var/fonts/map/pdftex/updmap/pdftex.map}]
LaTeX Font Info:    Try loading font information for OML+lcmm on input line 18.

 (/usr/local/texlive/2007/texmf-dist/tex/latex/base/omllcmm.fd
File: omllcmm.fd 1998/06/12 v2.2e Standard LaTeX slide font definitions
)
LaTeX Font Info:    Try loading font information for OMS+lcmsy on input line 18
.

(/usr/local/texlive/2007/texmf-dist/tex/latex/base/omslcmsy.fd
File: omslcmsy.fd 1998/06/12 v2.2e Standard LaTeX slide font definitions
)
LaTeX Font Info:    Try loading font information for OMX+lcmex on input line 18
.

(/usr/local/texlive/2007/texmf-dist/tex/latex/base/omxlcmex.fd
File: omxlcmex.fd 1998/06/12 v2.2e Standard LaTeX slide font definitions
)
LaTeX Font Info:    External font `cmex10 at17.28pt' loaded for size
(Font)              <19.907> on input line 18.
LaTeX Font Info:    External font `cmex10 at17.28pt' loaded for size
(Font)              <16.59> on input line 18.
LaTeX Font Info:    External font `cmex10 at17.28pt' loaded for size
(Font)              <13.82> on input line 18.
 [0] [0]
[0]
Overfull \hbox (10.28671pt too wide) in paragraph at lines 35--36
[]\OT1/lcmss/m/n/19.907 Automatic Fore-cast-ing dif-fers from tra-di-tional
 []


Overfull \hbox (12.82008pt too wide) in paragraph at lines 39--42
[]\OT1/lcmss/m/n/19.907 Mean Av-er-age Per-cent Er-ror (MAPE) $[]$ Mean
 []

[0] [0] (./texpres.aux) ) 
Here is how much of TeX's memory you used:
 636 strings out of 94073
 9635 string characters out of 1162984
 58103 words of memory out of 1500000
 3980 multiletter control sequences out of 10000+50000
 6911 words of font info for 25 fonts, out of 1200000 for 2000
 645 hyphenation exceptions out of 8191
 23i,6n,19p,355b,138s stack positions out of 5000i,500n,6000p,200000b,5000s
</usr/local/texlive/2007/texmf-dist/fonts/type1/bluesk
y/cm/cmmi8.pfb></usr/local/texlive/2007/texmf-dist/fonts/type1/bluesky/cm/cmsy8
.pfb></usr/local/texlive/2007/texmf-dist/fonts/type1/bluesky/latex-fonts/lcmss8
.pfb>
Output written on texpres.pdf (6 pages, 18220 bytes).
PDF statistics:
 33 PDF objects out of 1000 (max. 8388607)
 0 named destinations out of 1000 (max. 131072)
 1 words of extra memory for PDF output out of 10000 (max. 10000000)

